{"C:\\Users\\user\\Desktop\\Microverse\\Module 2\\aaaa capstone project\\aa\\javascript-capstone\\src\\modules\\aaaa.js": {"path":"C:\\Users\\user\\Desktop\\Microverse\\Module 2\\aaaa capstone project\\aa\\javascript-capstone\\src\\modules\\aaaa.js","statementMap":{"0":{"start":{"line":1,"column":12},"end":{"line":3,"column":1}},"1":{"start":{"line":2,"column":2},"end":{"line":2,"column":14}},"2":{"start":{"line":5,"column":0},"end":{"line":5,"column":20}}},"fnMap":{"0":{"name":"(anonymous_0)","decl":{"start":{"line":1,"column":12},"end":{"line":1,"column":13}},"loc":{"start":{"line":1,"column":22},"end":{"line":3,"column":1}},"line":1}},"branchMap":{},"s":{"0":1,"1":1,"2":1},"f":{"0":1},"b":{},"_coverageSchema":"1a1c01bbd47fc00a2c39e90264f33305004495a9","hash":"03b4c96b9bb11a1a7e09666e98d6750cd922b777"}
}
